<?xml version="1.0" encoding="UTF-8"?>
<!-- Generated by org.testng.reporters.JUnitReportReporter -->
<testsuite hostname="DELL-PC" name="com.index.GeneralIndex" tests="1" failures="0" timestamp="27 Aug 2018 11:50:35 GMT" time="191.895" errors="0">
  <testcase name="esign_createpackage_borrowerGuarantorRelashioshipmanager" time="191.895" classname="com.index.GeneralIndex"/>
</testsuite> <!-- com.index.GeneralIndex -->
